<?xml version="1.0" encoding="UTF-8"?>
<robot generator="Robot 7.1.1 (Python 3.13.7 on win32)" generated="2025-10-28T15:27:46.311241" rpa="false" schemaversion="5">
<suite id="s1" name="Laskentaa Test" source="C:\Academy\Ohjelmistokehitys\Koodit\Python\Laskentaa_Test.robot">
<test id="s1-t1" name="Summa Kahdella Positiivisella" line="5">
<kw name="Summa" owner="Laskentaa">
<msg time="2025-10-28T15:27:46.342952" level="INFO">${tulos} = 8</msg>
<var>${tulos}</var>
<arg>3</arg>
<arg>5</arg>
<doc>Palauttaa kahden luvun summan.</doc>
<status status="PASS" start="2025-10-28T15:27:46.342780" elapsed="0.000204"/>
</kw>
<kw name="Should Be Equal As Numbers" owner="BuiltIn">
<msg time="2025-10-28T15:27:46.343391" level="INFO">Argument types are:
&lt;class 'int'&gt;
&lt;class 'str'&gt;</msg>
<arg>${tulos}</arg>
<arg>8</arg>
<doc>Fails if objects are unequal after converting them to real numbers.</doc>
<status status="PASS" start="2025-10-28T15:27:46.343248" elapsed="0.000203"/>
</kw>
<status status="PASS" start="2025-10-28T15:27:46.342143" elapsed="0.001514"/>
</test>
<test id="s1-t2" name="Summa Negatiivisella" line="9">
<kw name="Summa" owner="Laskentaa">
<msg time="2025-10-28T15:27:46.344474" level="INFO">${tulos} = 5</msg>
<var>${tulos}</var>
<arg>-2</arg>
<arg>7</arg>
<doc>Palauttaa kahden luvun summan.</doc>
<status status="PASS" start="2025-10-28T15:27:46.344364" elapsed="0.000129"/>
</kw>
<kw name="Should Be Equal As Numbers" owner="BuiltIn">
<msg time="2025-10-28T15:27:46.344779" level="INFO">Argument types are:
&lt;class 'int'&gt;
&lt;class 'str'&gt;</msg>
<arg>${tulos}</arg>
<arg>5</arg>
<doc>Fails if objects are unequal after converting them to real numbers.</doc>
<status status="PASS" start="2025-10-28T15:27:46.344672" elapsed="0.000153"/>
</kw>
<status status="PASS" start="2025-10-28T15:27:46.344099" elapsed="0.000906"/>
</test>
<test id="s1-t3" name="Tulo Kahdella Positiivisella" line="13">
<kw name="Tulo" owner="Laskentaa">
<msg time="2025-10-28T15:27:46.345809" level="INFO">${tulos} = 24</msg>
<var>${tulos}</var>
<arg>4</arg>
<arg>6</arg>
<doc>Palauttaa kahden luvun tulon.</doc>
<status status="PASS" start="2025-10-28T15:27:46.345711" elapsed="0.000117"/>
</kw>
<kw name="Should Be Equal As Numbers" owner="BuiltIn">
<msg time="2025-10-28T15:27:46.346103" level="INFO">Argument types are:
&lt;class 'int'&gt;
&lt;class 'str'&gt;</msg>
<arg>${tulos}</arg>
<arg>24</arg>
<doc>Fails if objects are unequal after converting them to real numbers.</doc>
<status status="PASS" start="2025-10-28T15:27:46.346011" elapsed="0.000132"/>
</kw>
<status status="PASS" start="2025-10-28T15:27:46.345450" elapsed="0.000847"/>
</test>
<test id="s1-t4" name="Tulo Negatiivisella" line="17">
<kw name="Tulo" owner="Laskentaa">
<msg time="2025-10-28T15:27:46.346988" level="INFO">${tulos} = -15</msg>
<var>${tulos}</var>
<arg>-3</arg>
<arg>5</arg>
<doc>Palauttaa kahden luvun tulon.</doc>
<status status="PASS" start="2025-10-28T15:27:46.346886" elapsed="0.000121"/>
</kw>
<kw name="Should Be Equal As Numbers" owner="BuiltIn">
<msg time="2025-10-28T15:27:46.347257" level="INFO">Argument types are:
&lt;class 'int'&gt;
&lt;class 'str'&gt;</msg>
<arg>${tulos}</arg>
<arg>-15</arg>
<doc>Fails if objects are unequal after converting them to real numbers.</doc>
<status status="PASS" start="2025-10-28T15:27:46.347167" elapsed="0.000132"/>
</kw>
<status status="PASS" start="2025-10-28T15:27:46.346660" elapsed="0.000793"/>
</test>
<status status="PASS" start="2025-10-28T15:27:46.312516" elapsed="0.035445"/>
</suite>
<statistics>
<total>
<stat pass="4" fail="0" skip="0">All Tests</stat>
</total>
<tag>
</tag>
<suite>
<stat pass="4" fail="0" skip="0" id="s1" name="Laskentaa Test">Laskentaa Test</stat>
</suite>
</statistics>
<errors>
</errors>
</robot>
